GNU gdb (Ubuntu 15.0.50.20240403-0ubuntu1) 15.0.50.20240403-git
Copyright (C) 2024 Free Software Foundation, Inc.
License GPLv3+: GNU GPL version 3 or later <http://gnu.org/licenses/gpl.html>
This is free software: you are free to change and redistribute it.
There is NO WARRANTY, to the extent permitted by law.
Type "show copying" and "show warranty" for details.
This GDB was configured as "x86_64-linux-gnu".
Type "show configuration" for configuration details.
For bug reporting instructions, please see:
<https://www.gnu.org/software/gdb/bugs/>.
Find the GDB manual and other documentation resources online at:
    <http://www.gnu.org/software/gdb/documentation/>.

For help, type "help".
Type "apropos word" to search for commands related to "word".
[New LWP 102084]
[New LWP 102083]
[New LWP 102082]
[New LWP 102081]
[New LWP 102080]
[New LWP 102079]
[New LWP 102078]
[New LWP 102077]
[New LWP 102076]
[New LWP 102075]
[New LWP 102074]
[New LWP 102073]
[New LWP 102072]
[New LWP 102071]
[New LWP 102070]
[New LWP 100490]
[New LWP 100489]
[New LWP 100481]
[New LWP 100480]
[New LWP 100479]
[New LWP 100478]
[New LWP 100477]
[New LWP 100476]

This GDB supports auto-downloading debuginfo from the following URLs:
  <https://debuginfod.ubuntu.com>
Enable debuginfod for this session? (y or [n]) [answered N; input not from terminal]
Debuginfod has been disabled.
To make this setting permanent, add 'set debuginfod enabled off' to .gdbinit.
[Thread debugging using libthread_db enabled]
Using host libthread_db library "/lib/x86_64-linux-gnu/libthread_db.so.1".
0x00007c4b575107e3 in __GI___wait4 (pid=102069, stat_loc=0x0, options=0, 
    usage=0x0) at ../sysdeps/unix/sysv/linux/wait4.c:30

Stack backtrace
---------------
    usage=0x0) at ../sysdeps/unix/sysv/linux/wait4.c:30
        sc_ret = -512
        sc_cancel_oldtype = 2
        sc_ret = <optimized out>
#1  0x00007c4acbb94005 in sigdie ()
   from /home/paul/miniforge3/envs/lwe_attack/lib/python3.12/site-packages/cysignals/signals.cpython-312-x86_64-linux-gnu.so
No symbol table info available.
#2  0x00007c4acbb968f7 in cysigs_signal_handler ()
   from /home/paul/miniforge3/envs/lwe_attack/lib/python3.12/site-packages/cysignals/signals.cpython-312-x86_64-linux-gnu.so
No symbol table info available.
#3  <signal handler called>
No locals.
#4  0x00007c4a7803ad99 in __pyx_pf_12blaster_core_8block_bkz(_object*, int, tagPyArrayObject*, tagPyArrayObject*, tagPyArrayObject*, double, int, int) [clone .isra.0] ()
   from /home/paul/BLASter/src/blaster_core.cpython-312-x86_64-linux-gnu.so
No symbol table info available.
#5  0x00007c4acbba1fa0 in ?? ()
   from /home/paul/miniforge3/envs/lwe_attack/lib/python3.12/site-packages/cysignals/signals.cpython-312-x86_64-linux-gnu.so
No symbol table info available.
#6  0x0000000000000000 in ?? ()
No symbol table info available.
[Inferior 1 (process 100457) detached]
warning: 30	../sysdeps/unix/sysv/linux/wait4.c: No such file or directory
Python Exception <class 'ModuleNotFoundError'>: No module named 'Cython'
Error occurred in Python: No module named 'Cython'
